elbread.dll ver. 1.0.5.365 Fri Apr 22 18:52:40 2005


------------------------------------------
Entity         | Architecture  | Library
------------------------------------------
tb             | tb            | cleopatra
cleopatra      | cleopatra     | cleopatra
datapath       | datapath      | cleopatra
control        | control       | cleopatra
reg_clear      | reg_clear     | cleopatra
write_decoder  | write_decoder | cleopatra
read_decoder   | read_decoder  | cleopatra
alu            | alu           | cleopatra
status_flags   | status_flags  | cleopatra
------------------------------------------

-------------------------------
Package             | Library
-------------------------------
standard            | std
std_logic_1164      | ieee
textio              | std
std_logic_arith     | ieee
std_logic_unsigned  | ieee
cleo                | cleopatra
-------------------------------
